ADI 시작
ADI 완료
ADSK 시작
ADSK 완료
AEP 시작
AEP 완료
ALGN 시작
ALGN 완료
AMGN 시작
AMGN 완료
AMZN 시작
AMZN 완료
ANSS 시작
ANSS 완료
ASML 시작
ASML 완료
AZN 시작
AZN 완료
BIIB 시작
BIIB 완료
BKR 시작
BKR 완료
CDNS 시작
CDNS 완료
CEG 시작
CEG 완료
COST 시작
COST 완료
CPRT 시작
CPRT 완료
CSCO 시작
CSCO 완료
CSGP 시작
CSGP 완료
CSX 시작
CSX 완료
CTAS 시작
CTAS 완료
CTSH 시작
CTSH 완료
DLTR 시작
DLTR 완료
DXCM 시작
DXCM 완료
EA 시작
EA 완료
EBAY 시작
EBAY 완료
ENPH 시작
ENPH 완료
EXC 시작
EXC 완료
FANG 시작
FANG 완료
FAST 시작
FAST 완료
FISV 시작
FISV 완료
FTNT 시작
FTNT 완료
GFS 시작
GFS 완료
IDXX 시작
IDXX 완료
ILMN 시작
ILMN 완료
ISRG 시작
ISRG 완료
JD 시작
JD 완료
KLAC 시작
KLAC 완료
LULU 시작
LULU 완료
MAR 시작
MAR 완료
MCHP 시작
MCHP 완료
MDLZ 시작
MDLZ 완료
META 시작
META 완료
MNST 시작
MNST 완료
MRVL 시작
MRVL 완료
MSFT 시작
MSFT 완료
NVDA 시작
NVDA 완료
NXPI 시작
NXPI 완료
ODFL 시작
ODFL 완료
ORLY 시작
ORLY 완료
PANW 시작
PANW 완료
PAYX 시작
PAYX 완료
PCAR 시작
PCAR 완료
PEP 시작
PEP 완료
REGN 시작
REGN 완료
ROST 시작
ROST 완료
SGEN 시작
SGEN 완료
SIRI 시작
SIRI 완료
SNPS 시작
SNPS 완료
TEAM 시작
TEAM 완료
TXN 시작
TXN 완료
VRSK 시작
VRSK 완료
VRTX 시작
VRTX 완료
WBA 시작
WBA 완료
WBD 시작
WBD 완료
WDAY 시작
WDAY 완료
XEL 시작
XEL 완료
ZS 시작
ZS 완료
